{"name": "test_create_comment_for_post", "status": "failed", "statusDetails": {"message": "AssertionError: assert '1' == 1\n +  where '1' = <built-in method get of dict object at 0x10d360e80>('postId')\n +    where <built-in method get of dict object at 0x10d360e80> = {'body': 'nice post', 'email': 't@test.com', 'id': 501, 'name': 'tester', ...}.get", "trace": "def test_create_comment_for_post():\n        payload = {\"postId\": 1, \"name\": \"tester\", \"email\": \"t@test.com\", \"body\": \"nice post\"}\n        r = requests.post(f\"{BASE_URL}/posts/1/comments\", json=payload)\n        assert r.status_code == 201\n        data = r.json()\n>       assert data.get(\"postId\") == 1\nE       AssertionError: assert '1' == 1\nE        +  where '1' = <built-in method get of dict object at 0x10d360e80>('postId')\nE        +    where <built-in method get of dict object at 0x10d360e80> = {'body': 'nice post', 'email': 't@test.com', 'id': 501, 'name': 'tester', ...}.get\n\ntest/test_json_api.py:87: AssertionError"}, "start": 1760964055003, "stop": 1760964055433, "uuid": "66417ea8-97d0-4b66-8203-1e958a8ae85a", "historyId": "b2143e3ab19c1c8fa9030946cbb7db22", "testCaseId": "b2143e3ab19c1c8fa9030946cbb7db22", "fullName": "test.test_json_api#test_create_comment_for_post", "labels": [{"name": "parentSuite", "value": "test"}, {"name": "suite", "value": "test_json_api"}, {"name": "host", "value": "EU314602016234.local"}, {"name": "thread", "value": "5604-MainThread"}, {"name": "framework", "value": "pytest"}, {"name": "language", "value": "cpython3"}, {"name": "package", "value": "test.test_json_api"}], "titlePath": ["test", "test_json_api.py"]}