{"name": "test_bearer_token_missing", "status": "failed", "statusDetails": {"message": "AssertionError: assert 503 == 401\n +  where 503 = <Response [503]>.status_code", "trace": "def test_bearer_token_missing():\n        response = requests.get(f\"{HTTPBIN}/bearer\")\n>       assert response.status_code == 401  # sem token nao passa\nE       assert 503 == 401\nE        +  where 503 = <Response [503]>.status_code\n\ntest/test_api2.py:125: AssertionError"}, "start": 1760968750595, "stop": 1760968751190, "uuid": "88bf335c-5e30-45b0-b063-6c6eb8a55f54", "historyId": "70f7bd72284814dc81a1ee81eb546ee3", "testCaseId": "70f7bd72284814dc81a1ee81eb546ee3", "fullName": "test.test_api2#test_bearer_token_missing", "labels": [{"name": "parentSuite", "value": "test"}, {"name": "suite", "value": "test_api2"}, {"name": "host", "value": "EU314602016234.local"}, {"name": "thread", "value": "6574-MainThread"}, {"name": "framework", "value": "pytest"}, {"name": "language", "value": "cpython3"}, {"name": "package", "value": "test.test_api2"}], "titlePath": ["test", "test_api2.py"]}